<?xml version="1.0" encoding="UTF-8"?>
<testsuite xmlns:xsi="http://www.w3.org/2001/XMLSchema-instance" xsi:noNamespaceSchemaLocation="https://maven.apache.org/surefire/maven-surefire-plugin/xsd/surefire-test-report-3.0.xsd" version="3.0" name="com.ERP.controllersTest.DepartmentControllerTest" time="0.532" tests="6" errors="0" skipped="0" failures="0">
  <properties>
[...]
</properties>
  <testcase name="testDeleteDepartment" classname="com.ERP.controllersTest.DepartmentControllerTest" time="0.018">
    <system-out><![CDATA[24-05-28 16:56:02.149 [main] INFO  o.s.t.c.s.AnnotationConfigContextLoaderUtils - Could not detect default configuration classes for test class [com.ERP.controllersTest.DepartmentControllerTest]: DepartmentControllerTest does not declare any static, non-private, non-final, nested classes annotated with @Configuration. 
24-05-28 16:56:02.168 [main] INFO  o.s.b.t.c.SpringBootTestContextBootstrapper - Found @SpringBootConfiguration com.ERP.ErpApplication for test class com.ERP.controllersTest.DepartmentControllerTest 
24-05-28 16:56:02.176 [main] INFO  o.s.b.d.r.RestartApplicationListener - Restart disabled due to context in which it is running 

  .   ____          _            __ _ _
 /\\ / ___'_ __ _ _(_)_ __  __ _ \ \ \ \
( ( )\___ | '_ | '_| | '_ \/ _` | \ \ \ \
 \\/  ___)| |_)| | | | | || (_| |  ) ) ) )
  '  |____| .__|_| |_|_| |_\__, | / / / /
 =========|_|==============|___/=/_/_/_/
 :: Spring Boot ::                (v3.2.5)

24-05-28 16:56:02.204 [main] INFO  c.E.c.DepartmentControllerTest - Starting DepartmentControllerTest using Java 21.0.2 with PID 28188 (started by ASUS in C:\Users\ASUS\OneDrive\Desktop\AvisoftERP) 
24-05-28 16:56:02.204 [main] INFO  c.E.c.DepartmentControllerTest - No active profile set, falling back to 1 default profile: "default" 
24-05-28 16:56:02.501 [main] INFO  o.s.b.t.m.w.SpringBootMockServletContext - Initializing Spring TestDispatcherServlet '' 
24-05-28 16:56:02.501 [main] INFO  o.s.t.w.s.TestDispatcherServlet - Initializing Servlet '' 
24-05-28 16:56:02.502 [main] INFO  o.s.t.w.s.TestDispatcherServlet - Completed initialization in 1 ms 
24-05-28 16:56:02.507 [main] INFO  c.E.c.DepartmentControllerTest - Started DepartmentControllerTest in 0.332 seconds (process running for 6.228) 
24-05-28 16:56:02.513 [main] INFO  c.E.c.DepartmentControllerTest - Starting testDeleteDepartment 
24-05-28 16:56:02.526 [main] INFO  c.E.c.DepartmentControllerTest - testDeleteDepartment passed 
]]></system-out>
  </testcase>
  <testcase name="getAllDepartmentsTest" classname="com.ERP.controllersTest.DepartmentControllerTest" time="0.009">
    <system-out><![CDATA[24-05-28 16:56:02.533 [main] INFO  c.E.c.DepartmentControllerTest - Starting getAllDepartmentsTest 
24-05-28 16:56:02.538 [main] INFO  c.E.c.DepartmentControllerTest - getAllDepartmentsTest passed 
]]></system-out>
  </testcase>
  <testcase name="testUpdateDepartment" classname="com.ERP.controllersTest.DepartmentControllerTest" time="0.012">
    <system-out><![CDATA[24-05-28 16:56:02.545 [main] INFO  c.E.c.DepartmentControllerTest - Starting testUpdateDepartment 
24-05-28 16:56:02.554 [main] INFO  c.E.c.DepartmentControllerTest - testUpdateDepartment passed 
]]></system-out>
  </testcase>
  <testcase name="getDepartmentTest" classname="com.ERP.controllersTest.DepartmentControllerTest" time="0.006">
    <system-out><![CDATA[24-05-28 16:56:02.561 [main] INFO  c.E.c.DepartmentControllerTest - Starting getDepartmentTest 
24-05-28 16:56:02.564 [main] INFO  c.E.c.DepartmentControllerTest - getDepartmentTest passed 
]]></system-out>
  </testcase>
  <testcase name="testAddAllDepartments" classname="com.ERP.controllersTest.DepartmentControllerTest" time="0.035">
    <system-out><![CDATA[24-05-28 16:56:02.572 [main] INFO  c.E.c.DepartmentControllerTest - Starting testAddAllDepartments 
24-05-28 16:56:02.602 [main] INFO  c.E.c.DepartmentControllerTest - testAddAllDepartments passed 
]]></system-out>
  </testcase>
  <testcase name="testCreateDepartment" classname="com.ERP.controllersTest.DepartmentControllerTest" time="0.009">
    <system-out><![CDATA[24-05-28 16:56:02.610 [main] INFO  c.E.c.DepartmentControllerTest - Starting testCreateDepartment 
Just testing the file.
24-05-28 16:56:02.615 [main] INFO  c.E.c.DepartmentControllerTest - testCreateDepartment passed 
]]></system-out>
  </testcase>
</testsuite>