<?xml version="1.0" encoding="UTF-8"?>
<testsuite xmlns:xsi="http://www.w3.org/2001/XMLSchema-instance" xsi:noNamespaceSchemaLocation="https://maven.apache.org/surefire/maven-surefire-plugin/xsd/surefire-test-report-3.0.xsd" version="3.0" name="com.ERP.controllersTest.InvoiceControllerTest" time="0.554" tests="6" errors="0" skipped="0" failures="0">
  <properties>
[...]
</properties>
  <testcase name="testUpdateInvoice" classname="com.ERP.controllersTest.InvoiceControllerTest" time="0.029">
    <system-out><![CDATA[24-05-29 11:43:36.602 [main] INFO  o.s.t.c.s.AnnotationConfigContextLoaderUtils - Could not detect default configuration classes for test class [com.ERP.controllersTest.InvoiceControllerTest]: InvoiceControllerTest does not declare any static, non-private, non-final, nested classes annotated with @Configuration. 
24-05-29 11:43:36.611 [main] INFO  o.s.b.t.c.SpringBootTestContextBootstrapper - Found @SpringBootConfiguration com.ERP.ErpApplication for test class com.ERP.controllersTest.InvoiceControllerTest 
24-05-29 11:43:36.616 [main] INFO  o.s.b.d.r.RestartApplicationListener - Restart disabled due to context in which it is running 

  .   ____          _            __ _ _
 /\\ / ___'_ __ _ _(_)_ __  __ _ \ \ \ \
( ( )\___ | '_ | '_| | '_ \/ _` | \ \ \ \
 \\/  ___)| |_)| | | | | || (_| |  ) ) ) )
  '  |____| .__|_| |_|_| |_\__, | / / / /
 =========|_|==============|___/=/_/_/_/
 :: Spring Boot ::                (v3.2.5)

24-05-29 11:43:36.643 [main] INFO  c.E.c.InvoiceControllerTest - Starting InvoiceControllerTest using Java 21.0.2 with PID 8460 (started by ASUS in C:\Users\ASUS\OneDrive\Desktop\AvisoftERP) 
24-05-29 11:43:36.644 [main] INFO  c.E.c.InvoiceControllerTest - No active profile set, falling back to 1 default profile: "default" 
24-05-29 11:43:36.972 [main] INFO  o.s.b.t.m.w.SpringBootMockServletContext - Initializing Spring TestDispatcherServlet '' 
24-05-29 11:43:36.972 [main] INFO  o.s.t.w.s.TestDispatcherServlet - Initializing Servlet '' 
24-05-29 11:43:36.973 [main] INFO  o.s.t.w.s.TestDispatcherServlet - Completed initialization in 0 ms 
24-05-29 11:43:36.979 [main] INFO  c.E.c.InvoiceControllerTest - Started InvoiceControllerTest in 0.363 seconds (process running for 9.638) 
24-05-29 11:43:36.984 [main] INFO  c.E.c.InvoiceControllerTest - Starting testUpdateInvoice 
24-05-29 11:43:37.009 [main] INFO  c.E.c.InvoiceControllerTest - testUpdateInvoice passed 
]]></system-out>
  </testcase>
  <testcase name="getInvoiceTest" classname="com.ERP.controllersTest.InvoiceControllerTest" time="0.012">
    <system-out><![CDATA[24-05-29 11:43:37.015 [main] INFO  c.E.c.InvoiceControllerTest - Starting getInvoiceTest 
24-05-29 11:43:37.024 [main] INFO  c.E.c.InvoiceControllerTest - getInvoiceTest passed 
]]></system-out>
  </testcase>
  <testcase name="getAllInvoicesTest" classname="com.ERP.controllersTest.InvoiceControllerTest" time="0.007">
    <system-out><![CDATA[24-05-29 11:43:37.030 [main] INFO  c.E.c.InvoiceControllerTest - Starting getAllInvoicesTest 
24-05-29 11:43:37.034 [main] INFO  c.E.c.InvoiceControllerTest - getAllInvoicesTest passed 
]]></system-out>
  </testcase>
  <testcase name="testDeleteInvoice" classname="com.ERP.controllersTest.InvoiceControllerTest" time="0.006">
    <system-out><![CDATA[24-05-29 11:43:37.039 [main] INFO  c.E.c.InvoiceControllerTest - Starting testDeleteInvoice 
24-05-29 11:43:37.042 [main] INFO  c.E.c.InvoiceControllerTest - testDeleteInvoice passed 
]]></system-out>
  </testcase>
  <testcase name="testAddAllInvoices" classname="com.ERP.controllersTest.InvoiceControllerTest" time="0.036">
    <system-out><![CDATA[24-05-29 11:43:37.047 [main] INFO  c.E.c.InvoiceControllerTest - Starting testAddAllInvoices 
24-05-29 11:43:37.079 [main] INFO  c.E.c.InvoiceControllerTest - testAddAllInvoices passed 
]]></system-out>
  </testcase>
  <testcase name="testCreateInvoice" classname="com.ERP.controllersTest.InvoiceControllerTest" time="0.01">
    <system-out><![CDATA[24-05-29 11:43:37.085 [main] INFO  c.E.c.InvoiceControllerTest - Starting testCreateInvoice 
24-05-29 11:43:37.091 [main] INFO  c.E.c.InvoiceControllerTest - testCreateInvoice passed 
]]></system-out>
  </testcase>
</testsuite>