<?xml version="1.0" encoding="UTF-8"?>
<testsuite xmlns:xsi="http://www.w3.org/2001/XMLSchema-instance" xsi:noNamespaceSchemaLocation="https://maven.apache.org/surefire/maven-surefire-plugin/xsd/surefire-test-report-3.0.xsd" version="3.0" name="com.ERP.controllersTest.AssetControllerTest" time="9.747" tests="6" errors="0" skipped="0" failures="0">
  <properties>
[...]
</properties>
  <testcase name="testDeleteAsset" classname="com.ERP.controllersTest.AssetControllerTest" time="0.761">
    <system-out><![CDATA[Standard Commons Logging discovery in action with spring-jcl: please remove commons-logging.jar from classpath in order to avoid potential conflicts
24-06-11 18:23:59.168 [main] INFO  o.s.b.t.c.SpringBootTestContextBootstrapper - Found @SpringBootConfiguration com.ERP.ErpApplication for test class com.ERP.controllersTest.AssetControllerTest 
24-06-11 18:23:59.812 [main] INFO  o.s.b.d.r.RestartApplicationListener - Restart disabled due to context in which it is running 

  .   ____          _            __ _ _
 /\\ / ___'_ __ _ _(_)_ __  __ _ \ \ \ \
( ( )\___ | '_ | '_| | '_ \/ _` | \ \ \ \
 \\/  ___)| |_)| | | | | || (_| |  ) ) ) )
  '  |____| .__|_| |_|_| |_\__, | / / / /
 =========|_|==============|___/=/_/_/_/
 :: Spring Boot ::                (v3.2.5)

24-06-11 18:24:00.439 [background-preinit] INFO  o.h.validator.internal.util.Version - HV000001: Hibernate Validator 8.0.1.Final 
24-06-11 18:24:00.512 [main] INFO  c.E.c.AssetControllerTest - Starting AssetControllerTest using Java 21.0.2 with PID 14504 (started by ASUS in C:\Users\ASUS\OneDrive\Desktop\erp new) 
24-06-11 18:24:00.514 [main] INFO  c.E.c.AssetControllerTest - No active profile set, falling back to 1 default profile: "default" 
24-06-11 18:24:04.029 [main] WARN  o.s.b.a.s.s.UserDetailsServiceAutoConfiguration - 

Using generated security password: eb88bc1e-0ce8-4a2b-b9be-1f16abe37299

This generated password is for development use only. Your security configuration must be updated before running your application in production.
 
24-06-11 18:24:05.179 [main] INFO  o.s.s.web.DefaultSecurityFilterChain - Will secure any request with [org.springframework.security.web.session.DisableEncodeUrlFilter@1ba7db2a, org.springframework.security.web.context.request.async.WebAsyncManagerIntegrationFilter@762cdf46, org.springframework.security.web.context.SecurityContextHolderFilter@1c62d2ad, org.springframework.security.web.header.HeaderWriterFilter@7e20f4e3, org.springframework.web.filter.CorsFilter@54e94de9, org.springframework.security.web.authentication.logout.LogoutFilter@40dee07b, org.springframework.security.web.savedrequest.RequestCacheAwareFilter@433ae0b0, org.springframework.security.web.servletapi.SecurityContextHolderAwareRequestFilter@70840a5a, org.springframework.security.web.authentication.AnonymousAuthenticationFilter@2cff03cf, org.springframework.security.web.access.ExceptionTranslationFilter@2579d8a, org.springframework.security.web.access.intercept.FilterSecurityInterceptor@614d7fbf] 
24-06-11 18:24:06.018 [main] INFO  o.s.b.t.m.w.SpringBootMockServletContext - Initializing Spring TestDispatcherServlet '' 
24-06-11 18:24:06.019 [main] INFO  o.s.t.w.s.TestDispatcherServlet - Initializing Servlet '' 
24-06-11 18:24:06.021 [main] INFO  o.s.t.w.s.TestDispatcherServlet - Completed initialization in 2 ms 
24-06-11 18:24:06.086 [main] INFO  c.E.c.AssetControllerTest - Started AssetControllerTest in 6.293 seconds (process running for 9.385) 
24-06-11 18:24:06.369 [main] INFO  c.E.c.AssetControllerTest - Starting testDeleteAsset 
24-06-11 18:24:06.614 [main] INFO  c.E.security.JwtAuthenticationFilter - Header: null 
24-06-11 18:24:06.614 [main] INFO  c.E.security.JwtAuthenticationFilter - Invalid Authorization header. 
24-06-11 18:24:06.851 [main] INFO  c.E.c.AssetControllerTest - testDeleteAsset passed 
]]></system-out>
    <system-err><![CDATA[WARNING: A Java agent has been loaded dynamically (C:\Users\ASUS\.m2\repository\net\bytebuddy\byte-buddy-agent\1.14.13\byte-buddy-agent-1.14.13.jar)
WARNING: If a serviceability tool is in use, please run with -XX:+EnableDynamicAgentLoading to hide this warning
WARNING: If a serviceability tool is not in use, please run with -Djdk.instrument.traceUsage for more information
WARNING: Dynamic loading of agents will be disallowed by default in a future release
]]></system-err>
  </testcase>
  <testcase name="testUpdateAsset" classname="com.ERP.controllersTest.AssetControllerTest" time="0.198">
    <system-out><![CDATA[24-06-11 18:24:06.911 [main] INFO  c.E.c.AssetControllerTest - Starting testUpdateAsset 
24-06-11 18:24:06.921 [main] INFO  c.E.security.JwtAuthenticationFilter - Header: null 
24-06-11 18:24:06.921 [main] INFO  c.E.security.JwtAuthenticationFilter - Invalid Authorization header. 
24-06-11 18:24:07.100 [main] INFO  c.E.c.AssetControllerTest - testUpdateAsset passed 
]]></system-out>
  </testcase>
  <testcase name="testCreateAsset" classname="com.ERP.controllersTest.AssetControllerTest" time="0.017">
    <system-out><![CDATA[24-06-11 18:24:07.114 [main] INFO  c.E.c.AssetControllerTest - Starting testCreateAsset 
24-06-11 18:24:07.116 [main] INFO  c.E.security.JwtAuthenticationFilter - Header: null 
24-06-11 18:24:07.117 [main] INFO  c.E.security.JwtAuthenticationFilter - Invalid Authorization header. 
24-06-11 18:24:07.122 [main] INFO  c.E.c.AssetControllerTest - testCreateAsset passed 
]]></system-out>
  </testcase>
  <testcase name="testAddAllAssets" classname="com.ERP.controllersTest.AssetControllerTest" time="0.104">
    <system-out><![CDATA[24-06-11 18:24:07.136 [main] INFO  c.E.c.AssetControllerTest - Starting testAddAllAssets 
24-06-11 18:24:07.139 [main] INFO  c.E.security.JwtAuthenticationFilter - Header: null 
24-06-11 18:24:07.139 [main] INFO  c.E.security.JwtAuthenticationFilter - Invalid Authorization header. 
24-06-11 18:24:07.230 [main] INFO  c.E.c.AssetControllerTest - testAddAllAssets passed 
]]></system-out>
  </testcase>
  <testcase name="getAllAssetsTest" classname="com.ERP.controllersTest.AssetControllerTest" time="0.117">
    <system-out><![CDATA[24-06-11 18:24:07.246 [main] INFO  c.E.c.AssetControllerTest - Starting getAllAssetsTest 
24-06-11 18:24:07.248 [main] INFO  c.E.security.JwtAuthenticationFilter - Header: null 
24-06-11 18:24:07.249 [main] INFO  c.E.security.JwtAuthenticationFilter - Invalid Authorization header. 
24-06-11 18:24:07.353 [main] INFO  c.E.c.AssetControllerTest - getAllAssetsTest passed 
]]></system-out>
  </testcase>
  <testcase name="getAssetTest" classname="com.ERP.controllersTest.AssetControllerTest" time="0.017">
    <system-out><![CDATA[24-06-11 18:24:07.368 [main] INFO  c.E.c.AssetControllerTest - Starting getAssetTest 
24-06-11 18:24:07.370 [main] INFO  c.E.security.JwtAuthenticationFilter - Header: null 
24-06-11 18:24:07.371 [main] INFO  c.E.security.JwtAuthenticationFilter - Invalid Authorization header. 
24-06-11 18:24:07.376 [main] INFO  c.E.c.AssetControllerTest - getAssetTest passed 
]]></system-out>
  </testcase>
</testsuite>