<?xml version="1.0" encoding="UTF-8"?>
<testsuite xmlns:xsi="http://www.w3.org/2001/XMLSchema-instance" xsi:noNamespaceSchemaLocation="https://maven.apache.org/surefire/maven-surefire-plugin/xsd/surefire-test-report-3.0.xsd" version="3.0" name="com.ERP.repositoriesTest.ProjectRepositoryTest" time="6.91" tests="7" errors="0" skipped="0" failures="0">
  <properties>
[...]
</properties>
  <testcase name="updateProject" classname="com.ERP.repositoriesTest.ProjectRepositoryTest" time="1.349">
    <system-out><![CDATA[24-05-28 16:56:28.032 [main] INFO  o.s.t.c.s.AnnotationConfigContextLoaderUtils - Could not detect default configuration classes for test class [com.ERP.repositoriesTest.ProjectRepositoryTest]: ProjectRepositoryTest does not declare any static, non-private, non-final, nested classes annotated with @Configuration. 
24-05-28 16:56:28.035 [main] INFO  o.s.b.t.c.SpringBootTestContextBootstrapper - Found @SpringBootConfiguration com.ERP.ErpApplication for test class com.ERP.repositoriesTest.ProjectRepositoryTest 
24-05-28 16:56:28.046 [main] INFO  c.E.r.ProjectRepositoryTest - Starting updateProject 
Hibernate: select p1_0.project_id,p1_0.client_id,p1_0.department_id,p1_0.description,p1_0.end_date,p1_0.name,p1_0.start_date,p1_0.status from project p1_0
Hibernate: select as1_0.project_id,as1_1.asset_id,as1_1.current_value,as1_1.description,as1_1.name,as1_1.purchase_cost,as1_1.purchase_date,as1_1.status from project_assets as1_0 join asset as1_1 on as1_1.asset_id=as1_0.asset_id where as1_0.project_id=?
Hibernate: select as1_0.project_id,as1_1.asset_id,as1_1.current_value,as1_1.description,as1_1.name,as1_1.purchase_cost,as1_1.purchase_date,as1_1.status from project_assets as1_0 join asset as1_1 on as1_1.asset_id=as1_0.asset_id where as1_0.project_id=?
Hibernate: select as1_0.project_id,as1_1.asset_id,as1_1.current_value,as1_1.description,as1_1.name,as1_1.purchase_cost,as1_1.purchase_date,as1_1.status from project_assets as1_0 join asset as1_1 on as1_1.asset_id=as1_0.asset_id where as1_0.project_id=?
Hibernate: select as1_0.project_id,as1_1.asset_id,as1_1.current_value,as1_1.description,as1_1.name,as1_1.purchase_cost,as1_1.purchase_date,as1_1.status from project_assets as1_0 join asset as1_1 on as1_1.asset_id=as1_0.asset_id where as1_0.project_id=?
Hibernate: select as1_0.project_id,as1_1.asset_id,as1_1.current_value,as1_1.description,as1_1.name,as1_1.purchase_cost,as1_1.purchase_date,as1_1.status from project_assets as1_0 join asset as1_1 on as1_1.asset_id=as1_0.asset_id where as1_0.project_id=?
Hibernate: select as1_0.project_id,as1_1.asset_id,as1_1.current_value,as1_1.description,as1_1.name,as1_1.purchase_cost,as1_1.purchase_date,as1_1.status from project_assets as1_0 join asset as1_1 on as1_1.asset_id=as1_0.asset_id where as1_0.project_id=?
Hibernate: select as1_0.project_id,as1_1.asset_id,as1_1.current_value,as1_1.description,as1_1.name,as1_1.purchase_cost,as1_1.purchase_date,as1_1.status from project_assets as1_0 join asset as1_1 on as1_1.asset_id=as1_0.asset_id where as1_0.project_id=?
Hibernate: select p1_0.project_id,p1_0.client_id,p1_0.department_id,p1_0.description,p1_0.end_date,p1_0.name,p1_0.start_date,p1_0.status from project p1_0 where p1_0.name=?
Hibernate: select as1_0.project_id,as1_1.asset_id,as1_1.current_value,as1_1.description,as1_1.name,as1_1.purchase_cost,as1_1.purchase_date,as1_1.status from project_assets as1_0 join asset as1_1 on as1_1.asset_id=as1_0.asset_id where as1_0.project_id=?
Hibernate: select as1_0.project_id,as1_1.asset_id,as1_1.current_value,as1_1.description,as1_1.name,as1_1.purchase_cost,as1_1.purchase_date,as1_1.status from project_assets as1_0 join asset as1_1 on as1_1.asset_id=as1_0.asset_id where as1_0.project_id=?
Hibernate: select as1_0.project_id,as1_1.asset_id,as1_1.current_value,as1_1.description,as1_1.name,as1_1.purchase_cost,as1_1.purchase_date,as1_1.status from project_assets as1_0 join asset as1_1 on as1_1.asset_id=as1_0.asset_id where as1_0.project_id=?
Hibernate: select as1_0.project_id,as1_1.asset_id,as1_1.current_value,as1_1.description,as1_1.name,as1_1.purchase_cost,as1_1.purchase_date,as1_1.status from project_assets as1_0 join asset as1_1 on as1_1.asset_id=as1_0.asset_id where as1_0.project_id=?
Hibernate: select as1_0.project_id,as1_1.asset_id,as1_1.current_value,as1_1.description,as1_1.name,as1_1.purchase_cost,as1_1.purchase_date,as1_1.status from project_assets as1_0 join asset as1_1 on as1_1.asset_id=as1_0.asset_id where as1_0.project_id=?
Hibernate: select as1_0.project_id,as1_1.asset_id,as1_1.current_value,as1_1.description,as1_1.name,as1_1.purchase_cost,as1_1.purchase_date,as1_1.status from project_assets as1_0 join asset as1_1 on as1_1.asset_id=as1_0.asset_id where as1_0.project_id=?
Hibernate: select as1_0.project_id,as1_1.asset_id,as1_1.current_value,as1_1.description,as1_1.name,as1_1.purchase_cost,as1_1.purchase_date,as1_1.status from project_assets as1_0 join asset as1_1 on as1_1.asset_id=as1_0.asset_id where as1_0.project_id=?
Hibernate: select p1_0.project_id,as1_0.project_id,as1_1.asset_id,as1_1.current_value,as1_1.description,as1_1.name,as1_1.purchase_cost,as1_1.purchase_date,as1_1.status,c1_0.client_id,c1_0.address,c1_0.email,c1_0.name,c1_0.phone,d1_0.department_id,d1_0.name,p1_0.description,p1_0.end_date,p1_0.name,p1_0.start_date,p1_0.status from project p1_0 left join project_assets as1_0 on p1_0.project_id=as1_0.project_id left join asset as1_1 on as1_1.asset_id=as1_0.asset_id left join client c1_0 on c1_0.client_id=p1_0.client_id left join department d1_0 on d1_0.department_id=p1_0.department_id where p1_0.project_id=?
Hibernate: select ts1_0.project_id,ts1_0.task_id,ts1_0.description,e1_0.id,d1_0.department_id,d1_0.name,e1_0.email,e1_0.name,e1_0.role,sp1_0.payment_id,sp1_0.amount,sp1_0.payment_date,ts1_0.end_date,ts1_0.name,ts1_0.start_date,ts1_0.status from task ts1_0 left join employee e1_0 on e1_0.id=ts1_0.employee_id left join department d1_0 on d1_0.department_id=e1_0.department_id left join salary_payment sp1_0 on e1_0.id=sp1_0.employee_id where ts1_0.project_id=?
Hibernate: select is1_0.project_id,is1_0.invoice_id,is1_0.amount,is1_0.invoice_date,is1_0.payment_status from invoice is1_0 where is1_0.project_id=?
Hibernate: update project set client_id=?,department_id=?,description=?,end_date=?,name=?,start_date=?,status=? where project_id=?
24-05-28 16:56:29.390 [main] INFO  c.E.r.ProjectRepositoryTest - updateProject passed 
]]></system-out>
  </testcase>
  <testcase name="addAll" classname="com.ERP.repositoriesTest.ProjectRepositoryTest" time="0.286">
    <system-out><![CDATA[24-05-28 16:56:29.397 [main] INFO  c.E.r.ProjectRepositoryTest - Starting addAll 
Hibernate: select p1_0.project_id,as1_0.project_id,as1_1.asset_id,as1_1.current_value,as1_1.description,as1_1.name,as1_1.purchase_cost,as1_1.purchase_date,as1_1.status,c1_0.client_id,c1_0.address,c1_0.email,c1_0.name,c1_0.phone,d1_0.department_id,d1_0.name,p1_0.description,p1_0.end_date,p1_0.name,p1_0.start_date,p1_0.status from project p1_0 left join project_assets as1_0 on p1_0.project_id=as1_0.project_id left join asset as1_1 on as1_1.asset_id=as1_0.asset_id left join client c1_0 on c1_0.client_id=p1_0.client_id left join department d1_0 on d1_0.department_id=p1_0.department_id where p1_0.project_id=?
Hibernate: insert into project (client_id,department_id,description,end_date,name,start_date,status) values (?,?,?,?,?,?,?)
Hibernate: select p1_0.project_id,as1_0.project_id,as1_1.asset_id,as1_1.current_value,as1_1.description,as1_1.name,as1_1.purchase_cost,as1_1.purchase_date,as1_1.status,c1_0.client_id,c1_0.address,c1_0.email,c1_0.name,c1_0.phone,d1_0.department_id,d1_0.name,p1_0.description,p1_0.end_date,p1_0.name,p1_0.start_date,p1_0.status from project p1_0 left join project_assets as1_0 on p1_0.project_id=as1_0.project_id left join asset as1_1 on as1_1.asset_id=as1_0.asset_id left join client c1_0 on c1_0.client_id=p1_0.client_id left join department d1_0 on d1_0.department_id=p1_0.department_id where p1_0.project_id=?
Hibernate: insert into project (client_id,department_id,description,end_date,name,start_date,status) values (?,?,?,?,?,?,?)
24-05-28 16:56:29.679 [main] INFO  c.E.r.ProjectRepositoryTest - addAll passed 
]]></system-out>
  </testcase>
  <testcase name="findByNameTest" classname="com.ERP.repositoriesTest.ProjectRepositoryTest" time="1.036">
    <system-out><![CDATA[24-05-28 16:56:29.686 [main] INFO  c.E.r.ProjectRepositoryTest - Starting findByNameTest 
Hibernate: select p1_0.project_id,p1_0.client_id,p1_0.department_id,p1_0.description,p1_0.end_date,p1_0.name,p1_0.start_date,p1_0.status from project p1_0
Hibernate: select as1_0.project_id,as1_1.asset_id,as1_1.current_value,as1_1.description,as1_1.name,as1_1.purchase_cost,as1_1.purchase_date,as1_1.status from project_assets as1_0 join asset as1_1 on as1_1.asset_id=as1_0.asset_id where as1_0.project_id=?
Hibernate: select as1_0.project_id,as1_1.asset_id,as1_1.current_value,as1_1.description,as1_1.name,as1_1.purchase_cost,as1_1.purchase_date,as1_1.status from project_assets as1_0 join asset as1_1 on as1_1.asset_id=as1_0.asset_id where as1_0.project_id=?
Hibernate: select as1_0.project_id,as1_1.asset_id,as1_1.current_value,as1_1.description,as1_1.name,as1_1.purchase_cost,as1_1.purchase_date,as1_1.status from project_assets as1_0 join asset as1_1 on as1_1.asset_id=as1_0.asset_id where as1_0.project_id=?
Hibernate: select as1_0.project_id,as1_1.asset_id,as1_1.current_value,as1_1.description,as1_1.name,as1_1.purchase_cost,as1_1.purchase_date,as1_1.status from project_assets as1_0 join asset as1_1 on as1_1.asset_id=as1_0.asset_id where as1_0.project_id=?
Hibernate: select as1_0.project_id,as1_1.asset_id,as1_1.current_value,as1_1.description,as1_1.name,as1_1.purchase_cost,as1_1.purchase_date,as1_1.status from project_assets as1_0 join asset as1_1 on as1_1.asset_id=as1_0.asset_id where as1_0.project_id=?
Hibernate: select as1_0.project_id,as1_1.asset_id,as1_1.current_value,as1_1.description,as1_1.name,as1_1.purchase_cost,as1_1.purchase_date,as1_1.status from project_assets as1_0 join asset as1_1 on as1_1.asset_id=as1_0.asset_id where as1_0.project_id=?
Hibernate: select as1_0.project_id,as1_1.asset_id,as1_1.current_value,as1_1.description,as1_1.name,as1_1.purchase_cost,as1_1.purchase_date,as1_1.status from project_assets as1_0 join asset as1_1 on as1_1.asset_id=as1_0.asset_id where as1_0.project_id=?
Hibernate: select as1_0.project_id,as1_1.asset_id,as1_1.current_value,as1_1.description,as1_1.name,as1_1.purchase_cost,as1_1.purchase_date,as1_1.status from project_assets as1_0 join asset as1_1 on as1_1.asset_id=as1_0.asset_id where as1_0.project_id=?
Hibernate: select as1_0.project_id,as1_1.asset_id,as1_1.current_value,as1_1.description,as1_1.name,as1_1.purchase_cost,as1_1.purchase_date,as1_1.status from project_assets as1_0 join asset as1_1 on as1_1.asset_id=as1_0.asset_id where as1_0.project_id=?
Hibernate: select p1_0.project_id,p1_0.client_id,p1_0.department_id,p1_0.description,p1_0.end_date,p1_0.name,p1_0.start_date,p1_0.status from project p1_0 where p1_0.name=?
Hibernate: select as1_0.project_id,as1_1.asset_id,as1_1.current_value,as1_1.description,as1_1.name,as1_1.purchase_cost,as1_1.purchase_date,as1_1.status from project_assets as1_0 join asset as1_1 on as1_1.asset_id=as1_0.asset_id where as1_0.project_id=?
Hibernate: select as1_0.project_id,as1_1.asset_id,as1_1.current_value,as1_1.description,as1_1.name,as1_1.purchase_cost,as1_1.purchase_date,as1_1.status from project_assets as1_0 join asset as1_1 on as1_1.asset_id=as1_0.asset_id where as1_0.project_id=?
Hibernate: select as1_0.project_id,as1_1.asset_id,as1_1.current_value,as1_1.description,as1_1.name,as1_1.purchase_cost,as1_1.purchase_date,as1_1.status from project_assets as1_0 join asset as1_1 on as1_1.asset_id=as1_0.asset_id where as1_0.project_id=?
Hibernate: select as1_0.project_id,as1_1.asset_id,as1_1.current_value,as1_1.description,as1_1.name,as1_1.purchase_cost,as1_1.purchase_date,as1_1.status from project_assets as1_0 join asset as1_1 on as1_1.asset_id=as1_0.asset_id where as1_0.project_id=?
Hibernate: select as1_0.project_id,as1_1.asset_id,as1_1.current_value,as1_1.description,as1_1.name,as1_1.purchase_cost,as1_1.purchase_date,as1_1.status from project_assets as1_0 join asset as1_1 on as1_1.asset_id=as1_0.asset_id where as1_0.project_id=?
Hibernate: select as1_0.project_id,as1_1.asset_id,as1_1.current_value,as1_1.description,as1_1.name,as1_1.purchase_cost,as1_1.purchase_date,as1_1.status from project_assets as1_0 join asset as1_1 on as1_1.asset_id=as1_0.asset_id where as1_0.project_id=?
Hibernate: select as1_0.project_id,as1_1.asset_id,as1_1.current_value,as1_1.description,as1_1.name,as1_1.purchase_cost,as1_1.purchase_date,as1_1.status from project_assets as1_0 join asset as1_1 on as1_1.asset_id=as1_0.asset_id where as1_0.project_id=?
Hibernate: select as1_0.project_id,as1_1.asset_id,as1_1.current_value,as1_1.description,as1_1.name,as1_1.purchase_cost,as1_1.purchase_date,as1_1.status from project_assets as1_0 join asset as1_1 on as1_1.asset_id=as1_0.asset_id where as1_0.project_id=?
Hibernate: select as1_0.project_id,as1_1.asset_id,as1_1.current_value,as1_1.description,as1_1.name,as1_1.purchase_cost,as1_1.purchase_date,as1_1.status from project_assets as1_0 join asset as1_1 on as1_1.asset_id=as1_0.asset_id where as1_0.project_id=?
24-05-28 16:56:30.718 [main] INFO  c.E.r.ProjectRepositoryTest - findByNameTest passed 
]]></system-out>
  </testcase>
  <testcase name="deleteProject" classname="com.ERP.repositoriesTest.ProjectRepositoryTest" time="2.308">
    <system-out><![CDATA[24-05-28 16:56:30.727 [main] INFO  c.E.r.ProjectRepositoryTest - Starting deleteProject 
Hibernate: select p1_0.project_id,p1_0.client_id,p1_0.department_id,p1_0.description,p1_0.end_date,p1_0.name,p1_0.start_date,p1_0.status from project p1_0
Hibernate: select as1_0.project_id,as1_1.asset_id,as1_1.current_value,as1_1.description,as1_1.name,as1_1.purchase_cost,as1_1.purchase_date,as1_1.status from project_assets as1_0 join asset as1_1 on as1_1.asset_id=as1_0.asset_id where as1_0.project_id=?
Hibernate: select as1_0.project_id,as1_1.asset_id,as1_1.current_value,as1_1.description,as1_1.name,as1_1.purchase_cost,as1_1.purchase_date,as1_1.status from project_assets as1_0 join asset as1_1 on as1_1.asset_id=as1_0.asset_id where as1_0.project_id=?
Hibernate: select as1_0.project_id,as1_1.asset_id,as1_1.current_value,as1_1.description,as1_1.name,as1_1.purchase_cost,as1_1.purchase_date,as1_1.status from project_assets as1_0 join asset as1_1 on as1_1.asset_id=as1_0.asset_id where as1_0.project_id=?
Hibernate: select as1_0.project_id,as1_1.asset_id,as1_1.current_value,as1_1.description,as1_1.name,as1_1.purchase_cost,as1_1.purchase_date,as1_1.status from project_assets as1_0 join asset as1_1 on as1_1.asset_id=as1_0.asset_id where as1_0.project_id=?
Hibernate: select as1_0.project_id,as1_1.asset_id,as1_1.current_value,as1_1.description,as1_1.name,as1_1.purchase_cost,as1_1.purchase_date,as1_1.status from project_assets as1_0 join asset as1_1 on as1_1.asset_id=as1_0.asset_id where as1_0.project_id=?
Hibernate: select as1_0.project_id,as1_1.asset_id,as1_1.current_value,as1_1.description,as1_1.name,as1_1.purchase_cost,as1_1.purchase_date,as1_1.status from project_assets as1_0 join asset as1_1 on as1_1.asset_id=as1_0.asset_id where as1_0.project_id=?
Hibernate: select as1_0.project_id,as1_1.asset_id,as1_1.current_value,as1_1.description,as1_1.name,as1_1.purchase_cost,as1_1.purchase_date,as1_1.status from project_assets as1_0 join asset as1_1 on as1_1.asset_id=as1_0.asset_id where as1_0.project_id=?
Hibernate: select as1_0.project_id,as1_1.asset_id,as1_1.current_value,as1_1.description,as1_1.name,as1_1.purchase_cost,as1_1.purchase_date,as1_1.status from project_assets as1_0 join asset as1_1 on as1_1.asset_id=as1_0.asset_id where as1_0.project_id=?
Hibernate: select as1_0.project_id,as1_1.asset_id,as1_1.current_value,as1_1.description,as1_1.name,as1_1.purchase_cost,as1_1.purchase_date,as1_1.status from project_assets as1_0 join asset as1_1 on as1_1.asset_id=as1_0.asset_id where as1_0.project_id=?
Hibernate: select p1_0.project_id,as1_0.project_id,as1_1.asset_id,as1_1.current_value,as1_1.description,as1_1.name,as1_1.purchase_cost,as1_1.purchase_date,as1_1.status,c1_0.client_id,c1_0.address,c1_0.email,c1_0.name,c1_0.phone,d1_0.department_id,d1_0.name,p1_0.description,p1_0.end_date,p1_0.name,p1_0.start_date,p1_0.status from project p1_0 left join project_assets as1_0 on p1_0.project_id=as1_0.project_id left join asset as1_1 on as1_1.asset_id=as1_0.asset_id left join client c1_0 on c1_0.client_id=p1_0.client_id left join department d1_0 on d1_0.department_id=p1_0.department_id where p1_0.project_id=?
Hibernate: select is1_0.project_id,is1_0.invoice_id,is1_0.amount,is1_0.invoice_date,is1_0.payment_status from invoice is1_0 where is1_0.project_id=?
Hibernate: select ts1_0.project_id,ts1_0.task_id,ts1_0.description,e1_0.id,d1_0.department_id,d1_0.name,e1_0.email,e1_0.name,e1_0.role,sp1_0.payment_id,sp1_0.amount,sp1_0.payment_date,ts1_0.end_date,ts1_0.name,ts1_0.start_date,ts1_0.status from task ts1_0 left join employee e1_0 on e1_0.id=ts1_0.employee_id left join department d1_0 on d1_0.department_id=e1_0.department_id left join salary_payment sp1_0 on e1_0.id=sp1_0.employee_id where ts1_0.project_id=?
Hibernate: delete from project where project_id=?
Hibernate: select p1_0.project_id,as1_0.project_id,as1_1.asset_id,as1_1.current_value,as1_1.description,as1_1.name,as1_1.purchase_cost,as1_1.purchase_date,as1_1.status,c1_0.client_id,c1_0.address,c1_0.email,c1_0.name,c1_0.phone,d1_0.department_id,d1_0.name,p1_0.description,p1_0.end_date,p1_0.name,p1_0.start_date,p1_0.status from project p1_0 left join project_assets as1_0 on p1_0.project_id=as1_0.project_id left join asset as1_1 on as1_1.asset_id=as1_0.asset_id left join client c1_0 on c1_0.client_id=p1_0.client_id left join department d1_0 on d1_0.department_id=p1_0.department_id where p1_0.project_id=?
24-05-28 16:56:33.030 [main] INFO  c.E.r.ProjectRepositoryTest - deleteProject passed 
]]></system-out>
  </testcase>
  <testcase name="saveProjectTest" classname="com.ERP.repositoriesTest.ProjectRepositoryTest" time="0.184">
    <system-out><![CDATA[24-05-28 16:56:33.039 [main] INFO  c.E.r.ProjectRepositoryTest - Starting saveProjectTest 
Hibernate: select p1_0.project_id,as1_0.project_id,as1_1.asset_id,as1_1.current_value,as1_1.description,as1_1.name,as1_1.purchase_cost,as1_1.purchase_date,as1_1.status,c1_0.client_id,c1_0.address,c1_0.email,c1_0.name,c1_0.phone,d1_0.department_id,d1_0.name,p1_0.description,p1_0.end_date,p1_0.name,p1_0.start_date,p1_0.status from project p1_0 left join project_assets as1_0 on p1_0.project_id=as1_0.project_id left join asset as1_1 on as1_1.asset_id=as1_0.asset_id left join client c1_0 on c1_0.client_id=p1_0.client_id left join department d1_0 on d1_0.department_id=p1_0.department_id where p1_0.project_id=?
Hibernate: insert into project (client_id,department_id,description,end_date,name,start_date,status) values (?,?,?,?,?,?,?)
24-05-28 16:56:33.218 [main] INFO  c.E.r.ProjectRepositoryTest - saveProjectTest passed 
]]></system-out>
  </testcase>
  <testcase name="findProjectById" classname="com.ERP.repositoriesTest.ProjectRepositoryTest" time="0.873">
    <system-out><![CDATA[24-05-28 16:56:33.226 [main] INFO  c.E.r.ProjectRepositoryTest - Starting findProjectById 
Hibernate: select p1_0.project_id,p1_0.client_id,p1_0.department_id,p1_0.description,p1_0.end_date,p1_0.name,p1_0.start_date,p1_0.status from project p1_0
Hibernate: select as1_0.project_id,as1_1.asset_id,as1_1.current_value,as1_1.description,as1_1.name,as1_1.purchase_cost,as1_1.purchase_date,as1_1.status from project_assets as1_0 join asset as1_1 on as1_1.asset_id=as1_0.asset_id where as1_0.project_id=?
Hibernate: select as1_0.project_id,as1_1.asset_id,as1_1.current_value,as1_1.description,as1_1.name,as1_1.purchase_cost,as1_1.purchase_date,as1_1.status from project_assets as1_0 join asset as1_1 on as1_1.asset_id=as1_0.asset_id where as1_0.project_id=?
Hibernate: select as1_0.project_id,as1_1.asset_id,as1_1.current_value,as1_1.description,as1_1.name,as1_1.purchase_cost,as1_1.purchase_date,as1_1.status from project_assets as1_0 join asset as1_1 on as1_1.asset_id=as1_0.asset_id where as1_0.project_id=?
Hibernate: select as1_0.project_id,as1_1.asset_id,as1_1.current_value,as1_1.description,as1_1.name,as1_1.purchase_cost,as1_1.purchase_date,as1_1.status from project_assets as1_0 join asset as1_1 on as1_1.asset_id=as1_0.asset_id where as1_0.project_id=?
Hibernate: select as1_0.project_id,as1_1.asset_id,as1_1.current_value,as1_1.description,as1_1.name,as1_1.purchase_cost,as1_1.purchase_date,as1_1.status from project_assets as1_0 join asset as1_1 on as1_1.asset_id=as1_0.asset_id where as1_0.project_id=?
Hibernate: select as1_0.project_id,as1_1.asset_id,as1_1.current_value,as1_1.description,as1_1.name,as1_1.purchase_cost,as1_1.purchase_date,as1_1.status from project_assets as1_0 join asset as1_1 on as1_1.asset_id=as1_0.asset_id where as1_0.project_id=?
Hibernate: select as1_0.project_id,as1_1.asset_id,as1_1.current_value,as1_1.description,as1_1.name,as1_1.purchase_cost,as1_1.purchase_date,as1_1.status from project_assets as1_0 join asset as1_1 on as1_1.asset_id=as1_0.asset_id where as1_0.project_id=?
Hibernate: select as1_0.project_id,as1_1.asset_id,as1_1.current_value,as1_1.description,as1_1.name,as1_1.purchase_cost,as1_1.purchase_date,as1_1.status from project_assets as1_0 join asset as1_1 on as1_1.asset_id=as1_0.asset_id where as1_0.project_id=?
Hibernate: select as1_0.project_id,as1_1.asset_id,as1_1.current_value,as1_1.description,as1_1.name,as1_1.purchase_cost,as1_1.purchase_date,as1_1.status from project_assets as1_0 join asset as1_1 on as1_1.asset_id=as1_0.asset_id where as1_0.project_id=?
Hibernate: select p1_0.project_id,as1_0.project_id,as1_1.asset_id,as1_1.current_value,as1_1.description,as1_1.name,as1_1.purchase_cost,as1_1.purchase_date,as1_1.status,c1_0.client_id,c1_0.address,c1_0.email,c1_0.name,c1_0.phone,d1_0.department_id,d1_0.name,p1_0.description,p1_0.end_date,p1_0.name,p1_0.start_date,p1_0.status from project p1_0 left join project_assets as1_0 on p1_0.project_id=as1_0.project_id left join asset as1_1 on as1_1.asset_id=as1_0.asset_id left join client c1_0 on c1_0.client_id=p1_0.client_id left join department d1_0 on d1_0.department_id=p1_0.department_id where p1_0.project_id=?
24-05-28 16:56:34.094 [main] INFO  c.E.r.ProjectRepositoryTest - findProjectById passed 
]]></system-out>
  </testcase>
  <testcase name="findAllProjects" classname="com.ERP.repositoriesTest.ProjectRepositoryTest" time="0.773">
    <system-out><![CDATA[24-05-28 16:56:34.102 [main] INFO  c.E.r.ProjectRepositoryTest - Starting findAllProjects 
Hibernate: select p1_0.project_id,p1_0.client_id,p1_0.department_id,p1_0.description,p1_0.end_date,p1_0.name,p1_0.start_date,p1_0.status from project p1_0
Hibernate: select as1_0.project_id,as1_1.asset_id,as1_1.current_value,as1_1.description,as1_1.name,as1_1.purchase_cost,as1_1.purchase_date,as1_1.status from project_assets as1_0 join asset as1_1 on as1_1.asset_id=as1_0.asset_id where as1_0.project_id=?
Hibernate: select as1_0.project_id,as1_1.asset_id,as1_1.current_value,as1_1.description,as1_1.name,as1_1.purchase_cost,as1_1.purchase_date,as1_1.status from project_assets as1_0 join asset as1_1 on as1_1.asset_id=as1_0.asset_id where as1_0.project_id=?
Hibernate: select as1_0.project_id,as1_1.asset_id,as1_1.current_value,as1_1.description,as1_1.name,as1_1.purchase_cost,as1_1.purchase_date,as1_1.status from project_assets as1_0 join asset as1_1 on as1_1.asset_id=as1_0.asset_id where as1_0.project_id=?
Hibernate: select as1_0.project_id,as1_1.asset_id,as1_1.current_value,as1_1.description,as1_1.name,as1_1.purchase_cost,as1_1.purchase_date,as1_1.status from project_assets as1_0 join asset as1_1 on as1_1.asset_id=as1_0.asset_id where as1_0.project_id=?
Hibernate: select as1_0.project_id,as1_1.asset_id,as1_1.current_value,as1_1.description,as1_1.name,as1_1.purchase_cost,as1_1.purchase_date,as1_1.status from project_assets as1_0 join asset as1_1 on as1_1.asset_id=as1_0.asset_id where as1_0.project_id=?
Hibernate: select as1_0.project_id,as1_1.asset_id,as1_1.current_value,as1_1.description,as1_1.name,as1_1.purchase_cost,as1_1.purchase_date,as1_1.status from project_assets as1_0 join asset as1_1 on as1_1.asset_id=as1_0.asset_id where as1_0.project_id=?
Hibernate: select as1_0.project_id,as1_1.asset_id,as1_1.current_value,as1_1.description,as1_1.name,as1_1.purchase_cost,as1_1.purchase_date,as1_1.status from project_assets as1_0 join asset as1_1 on as1_1.asset_id=as1_0.asset_id where as1_0.project_id=?
Hibernate: select as1_0.project_id,as1_1.asset_id,as1_1.current_value,as1_1.description,as1_1.name,as1_1.purchase_cost,as1_1.purchase_date,as1_1.status from project_assets as1_0 join asset as1_1 on as1_1.asset_id=as1_0.asset_id where as1_0.project_id=?
Hibernate: select as1_0.project_id,as1_1.asset_id,as1_1.current_value,as1_1.description,as1_1.name,as1_1.purchase_cost,as1_1.purchase_date,as1_1.status from project_assets as1_0 join asset as1_1 on as1_1.asset_id=as1_0.asset_id where as1_0.project_id=?
24-05-28 16:56:34.872 [main] INFO  c.E.r.ProjectRepositoryTest - findAllProjects passed 
]]></system-out>
  </testcase>
</testsuite>